[debug] [2026-01-11T16:22:23.083Z] ----------------------------------------------------------------------
[debug] [2026-01-11T16:22:23.087Z] Command:       C:\Program Files\nodejs\node.exe C:\Users\shrey\AppData\Roaming\npm\node_modules\firebase-tools\lib\bin\firebase.js init hosting
[debug] [2026-01-11T16:22:23.088Z] CLI Version:   15.2.1
[debug] [2026-01-11T16:22:23.088Z] Platform:      win32
[debug] [2026-01-11T16:22:23.088Z] Node Version:  v24.12.0
[debug] [2026-01-11T16:22:23.089Z] Time:          Sun Jan 11 2026 21:52:23 GMT+0530 (India Standard Time)
[debug] [2026-01-11T16:22:23.089Z] ----------------------------------------------------------------------
[debug] 
[info] 
     ######## #### ########  ######## ########     ###     ######  ########
     ##        ##  ##     ## ##       ##     ##  ##   ##  ##       ##
     ######    ##  ########  ######   ########  #########  ######  ######
     ##        ##  ##    ##  ##       ##     ## ##     ##       ## ##
     ##       #### ##     ## ######## ########  ##     ##  ######  ########

You're about to initialize a Firebase project in this directory:

  C:\Users\shrey\Downloads\scan4serve

[info] 
=== Project Setup
[info] 
[info] First, let's associate this project directory with a Firebase project.
[info] You can create multiple project aliases by running firebase use --add, 
[info] 
[debug] [2026-01-11T16:22:59.199Z] > command requires scopes: ["email","openid","https://www.googleapis.com/auth/cloudplatformprojects.readonly","https://www.googleapis.com/auth/firebase","https://www.googleapis.com/auth/cloud-platform"]
[debug] [2026-01-11T16:22:59.200Z] > authorizing via signed-in user (shreyask5710p@gmail.com)
[debug] [2026-01-11T16:22:59.200Z] Checked if tokens are valid: true, expires at: 1768152139963
[debug] [2026-01-11T16:22:59.201Z] Checked if tokens are valid: true, expires at: 1768152139963
[debug] [2026-01-11T16:22:59.201Z] >>> [apiv2][query] GET https://firebase.googleapis.com/v1beta1/projects pageSize=100
[debug] [2026-01-11T16:22:59.853Z] <<< [apiv2][status] GET https://firebase.googleapis.com/v1beta1/projects 200
[debug] [2026-01-11T16:22:59.853Z] <<< [apiv2][body] GET https://firebase.googleapis.com/v1beta1/projects [omitted]
[info] 
=== Hosting Setup
[debug] [2026-01-11T16:23:02.008Z] Checked if tokens are valid: true, expires at: 1768152139963
[debug] [2026-01-11T16:23:02.008Z] Checked if tokens are valid: true, expires at: 1768152139963
[debug] [2026-01-11T16:23:02.008Z] >>> [apiv2][query] GET https://firebase.googleapis.com/v1beta1/projects/scan4serve [none]
[debug] [2026-01-11T16:23:02.535Z] <<< [apiv2][status] GET https://firebase.googleapis.com/v1beta1/projects/scan4serve 200
[debug] [2026-01-11T16:23:02.536Z] <<< [apiv2][body] GET https://firebase.googleapis.com/v1beta1/projects/scan4serve {"projectId":"scan4serve","projectNumber":"588220465690","displayName":"scan4serve","name":"projects/scan4serve","resources":{"hostingSite":"scan4serve"},"state":"ACTIVE","etag":"1_6edba201-7aba-40e1-9aaa-251635139f06"}
[info] 
[info] Your public directory is the folder (relative to your project directory) that
[info] will contain Hosting assets to be uploaded with firebase deploy. If you
[info] have a build process for your assets, use your build's output directory.
[info] 
[info] 
[info] i  Detected a .git folder at C:\Users\shrey\Downloads\scan4serve 
[info] i  Authorizing with GitHub to upload your service account to a GitHub repository's secrets store. 
[info] 
[info] Visit this URL on this device to log in:
[info] https://github.com/login/oauth/authorize?client_id=89cf50f02ac6aaed3484&state=868117591&redirect_uri=http%3A%2F%2Flocalhost%3A9005&scope=read%3Auser%20repo%20public_repo
[info] 
[info] Waiting for authentication...
